Start testing: Oct 31 13:30 IST
----------------------------------------------------------
1/22 Testing: wrapping_integers_cmp
1/22 Test: wrapping_integers_cmp
Command: "/home/akshat/Downloads/CNAssignments/assignment2/build/tests/wrapping_integers_cmp"
Directory: /home/akshat/Downloads/CNAssignments/assignment2/build/tests
"wrapping_integers_cmp" start time: Oct 31 13:30 IST
Output:
----------------------------------------------------------
<end of output>
Test time =   0.00 sec
----------------------------------------------------------
Test Passed.
"wrapping_integers_cmp" end time: Oct 31 13:30 IST
"wrapping_integers_cmp" time elapsed: 00:00:00
----------------------------------------------------------

2/22 Testing: wrapping_integers_unwrap
2/22 Test: wrapping_integers_unwrap
Command: "/home/akshat/Downloads/CNAssignments/assignment2/build/tests/wrapping_integers_unwrap"
Directory: /home/akshat/Downloads/CNAssignments/assignment2/build/tests
"wrapping_integers_unwrap" start time: Oct 31 13:30 IST
Output:
----------------------------------------------------------
<end of output>
Test time =   0.00 sec
----------------------------------------------------------
Test Passed.
"wrapping_integers_unwrap" end time: Oct 31 13:30 IST
"wrapping_integers_unwrap" time elapsed: 00:00:00
----------------------------------------------------------

3/22 Testing: wrapping_integers_wrap
3/22 Test: wrapping_integers_wrap
Command: "/home/akshat/Downloads/CNAssignments/assignment2/build/tests/wrapping_integers_wrap"
Directory: /home/akshat/Downloads/CNAssignments/assignment2/build/tests
"wrapping_integers_wrap" start time: Oct 31 13:30 IST
Output:
----------------------------------------------------------
<end of output>
Test time =   0.00 sec
----------------------------------------------------------
Test Passed.
"wrapping_integers_wrap" end time: Oct 31 13:30 IST
"wrapping_integers_wrap" time elapsed: 00:00:00
----------------------------------------------------------

4/22 Testing: wrapping_integers_roundtrip
4/22 Test: wrapping_integers_roundtrip
Command: "/home/akshat/Downloads/CNAssignments/assignment2/build/tests/wrapping_integers_roundtrip"
Directory: /home/akshat/Downloads/CNAssignments/assignment2/build/tests
"wrapping_integers_roundtrip" start time: Oct 31 13:30 IST
Output:
----------------------------------------------------------
<end of output>
Test time =   0.34 sec
----------------------------------------------------------
Test Passed.
"wrapping_integers_roundtrip" end time: Oct 31 13:30 IST
"wrapping_integers_roundtrip" time elapsed: 00:00:00
----------------------------------------------------------

5/22 Testing: byte_stream_construction
5/22 Test: byte_stream_construction
Command: "/home/akshat/Downloads/CNAssignments/assignment2/build/tests/byte_stream_construction"
Directory: /home/akshat/Downloads/CNAssignments/assignment2/build/tests
"byte_stream_construction" start time: Oct 31 13:30 IST
Output:
----------------------------------------------------------
<end of output>
Test time =   0.00 sec
----------------------------------------------------------
Test Passed.
"byte_stream_construction" end time: Oct 31 13:30 IST
"byte_stream_construction" time elapsed: 00:00:00
----------------------------------------------------------

6/22 Testing: byte_stream_one_write
6/22 Test: byte_stream_one_write
Command: "/home/akshat/Downloads/CNAssignments/assignment2/build/tests/byte_stream_one_write"
Directory: /home/akshat/Downloads/CNAssignments/assignment2/build/tests
"byte_stream_one_write" start time: Oct 31 13:30 IST
Output:
----------------------------------------------------------
<end of output>
Test time =   0.00 sec
----------------------------------------------------------
Test Passed.
"byte_stream_one_write" end time: Oct 31 13:30 IST
"byte_stream_one_write" time elapsed: 00:00:00
----------------------------------------------------------

7/22 Testing: byte_stream_two_writes
7/22 Test: byte_stream_two_writes
Command: "/home/akshat/Downloads/CNAssignments/assignment2/build/tests/byte_stream_two_writes"
Directory: /home/akshat/Downloads/CNAssignments/assignment2/build/tests
"byte_stream_two_writes" start time: Oct 31 13:30 IST
Output:
----------------------------------------------------------
<end of output>
Test time =   0.00 sec
----------------------------------------------------------
Test Passed.
"byte_stream_two_writes" end time: Oct 31 13:30 IST
"byte_stream_two_writes" time elapsed: 00:00:00
----------------------------------------------------------

8/22 Testing: byte_stream_capacity
8/22 Test: byte_stream_capacity
Command: "/home/akshat/Downloads/CNAssignments/assignment2/build/tests/byte_stream_capacity"
Directory: /home/akshat/Downloads/CNAssignments/assignment2/build/tests
"byte_stream_capacity" start time: Oct 31 13:30 IST
Output:
----------------------------------------------------------
<end of output>
Test time =   0.76 sec
----------------------------------------------------------
Test Passed.
"byte_stream_capacity" end time: Oct 31 13:30 IST
"byte_stream_capacity" time elapsed: 00:00:00
----------------------------------------------------------

9/22 Testing: recv_connect
9/22 Test: recv_connect
Command: "/home/akshat/Downloads/CNAssignments/assignment2/build/tests/recv_connect"
Directory: /home/akshat/Downloads/CNAssignments/assignment2/build/tests
"recv_connect" start time: Oct 31 13:30 IST
Output:
----------------------------------------------------------
<end of output>
Test time =   0.00 sec
----------------------------------------------------------
Test Passed.
"recv_connect" end time: Oct 31 13:30 IST
"recv_connect" time elapsed: 00:00:00
----------------------------------------------------------

10/22 Testing: recv_transmit
10/22 Test: recv_transmit
Command: "/home/akshat/Downloads/CNAssignments/assignment2/build/tests/recv_transmit"
Directory: /home/akshat/Downloads/CNAssignments/assignment2/build/tests
"recv_transmit" start time: Oct 31 13:30 IST
Output:
----------------------------------------------------------
<end of output>
Test time =   0.07 sec
----------------------------------------------------------
Test Passed.
"recv_transmit" end time: Oct 31 13:30 IST
"recv_transmit" time elapsed: 00:00:00
----------------------------------------------------------

11/22 Testing: recv_window
11/22 Test: recv_window
Command: "/home/akshat/Downloads/CNAssignments/assignment2/build/tests/recv_window"
Directory: /home/akshat/Downloads/CNAssignments/assignment2/build/tests
"recv_window" start time: Oct 31 13:30 IST
Output:
----------------------------------------------------------
<end of output>
Test time =   0.00 sec
----------------------------------------------------------
Test Passed.
"recv_window" end time: Oct 31 13:30 IST
"recv_window" time elapsed: 00:00:00
----------------------------------------------------------

12/22 Testing: recv_reorder
12/22 Test: recv_reorder
Command: "/home/akshat/Downloads/CNAssignments/assignment2/build/tests/recv_reorder"
Directory: /home/akshat/Downloads/CNAssignments/assignment2/build/tests
"recv_reorder" start time: Oct 31 13:30 IST
Output:
----------------------------------------------------------
<end of output>
Test time =   0.00 sec
----------------------------------------------------------
Test Passed.
"recv_reorder" end time: Oct 31 13:30 IST
"recv_reorder" time elapsed: 00:00:00
----------------------------------------------------------

13/22 Testing: recv_close
13/22 Test: recv_close
Command: "/home/akshat/Downloads/CNAssignments/assignment2/build/tests/recv_close"
Directory: /home/akshat/Downloads/CNAssignments/assignment2/build/tests
"recv_close" start time: Oct 31 13:30 IST
Output:
----------------------------------------------------------
<end of output>
Test time =   0.00 sec
----------------------------------------------------------
Test Passed.
"recv_close" end time: Oct 31 13:30 IST
"recv_close" time elapsed: 00:00:00
----------------------------------------------------------

14/22 Testing: recv_special
14/22 Test: recv_special
Command: "/home/akshat/Downloads/CNAssignments/assignment2/build/tests/recv_special"
Directory: /home/akshat/Downloads/CNAssignments/assignment2/build/tests
"recv_special" start time: Oct 31 13:30 IST
Output:
----------------------------------------------------------
<end of output>
Test time =   0.00 sec
----------------------------------------------------------
Test Passed.
"recv_special" end time: Oct 31 13:30 IST
"recv_special" time elapsed: 00:00:00
----------------------------------------------------------

15/22 Testing: fsm_stream_reassembler_cap
15/22 Test: fsm_stream_reassembler_cap
Command: "/home/akshat/Downloads/CNAssignments/assignment2/build/tests/fsm_stream_reassembler_cap"
Directory: /home/akshat/Downloads/CNAssignments/assignment2/build/tests
"fsm_stream_reassembler_cap" start time: Oct 31 13:30 IST
Output:
----------------------------------------------------------
<end of output>
Test time =   0.09 sec
----------------------------------------------------------
Test Passed.
"fsm_stream_reassembler_cap" end time: Oct 31 13:30 IST
"fsm_stream_reassembler_cap" time elapsed: 00:00:00
----------------------------------------------------------

16/22 Testing: fsm_stream_reassembler_single
16/22 Test: fsm_stream_reassembler_single
Command: "/home/akshat/Downloads/CNAssignments/assignment2/build/tests/fsm_stream_reassembler_single"
Directory: /home/akshat/Downloads/CNAssignments/assignment2/build/tests
"fsm_stream_reassembler_single" start time: Oct 31 13:30 IST
Output:
----------------------------------------------------------
<end of output>
Test time =   0.00 sec
----------------------------------------------------------
Test Passed.
"fsm_stream_reassembler_single" end time: Oct 31 13:30 IST
"fsm_stream_reassembler_single" time elapsed: 00:00:00
----------------------------------------------------------

17/22 Testing: fsm_stream_reassembler_seq
17/22 Test: fsm_stream_reassembler_seq
Command: "/home/akshat/Downloads/CNAssignments/assignment2/build/tests/fsm_stream_reassembler_seq"
Directory: /home/akshat/Downloads/CNAssignments/assignment2/build/tests
"fsm_stream_reassembler_seq" start time: Oct 31 13:30 IST
Output:
----------------------------------------------------------
<end of output>
Test time =   0.00 sec
----------------------------------------------------------
Test Passed.
"fsm_stream_reassembler_seq" end time: Oct 31 13:30 IST
"fsm_stream_reassembler_seq" time elapsed: 00:00:00
----------------------------------------------------------

18/22 Testing: fsm_stream_reassembler_dup
18/22 Test: fsm_stream_reassembler_dup
Command: "/home/akshat/Downloads/CNAssignments/assignment2/build/tests/fsm_stream_reassembler_dup"
Directory: /home/akshat/Downloads/CNAssignments/assignment2/build/tests
"fsm_stream_reassembler_dup" start time: Oct 31 13:30 IST
Output:
----------------------------------------------------------
<end of output>
Test time =   0.01 sec
----------------------------------------------------------
Test Passed.
"fsm_stream_reassembler_dup" end time: Oct 31 13:30 IST
"fsm_stream_reassembler_dup" time elapsed: 00:00:00
----------------------------------------------------------

19/22 Testing: fsm_stream_reassembler_holes
19/22 Test: fsm_stream_reassembler_holes
Command: "/home/akshat/Downloads/CNAssignments/assignment2/build/tests/fsm_stream_reassembler_holes"
Directory: /home/akshat/Downloads/CNAssignments/assignment2/build/tests
"fsm_stream_reassembler_holes" start time: Oct 31 13:30 IST
Output:
----------------------------------------------------------
<end of output>
Test time =   0.00 sec
----------------------------------------------------------
Test Passed.
"fsm_stream_reassembler_holes" end time: Oct 31 13:30 IST
"fsm_stream_reassembler_holes" time elapsed: 00:00:00
----------------------------------------------------------

20/22 Testing: fsm_stream_reassembler_many
20/22 Test: fsm_stream_reassembler_many
Command: "/home/akshat/Downloads/CNAssignments/assignment2/build/tests/fsm_stream_reassembler_many"
Directory: /home/akshat/Downloads/CNAssignments/assignment2/build/tests
"fsm_stream_reassembler_many" start time: Oct 31 13:30 IST
Output:
----------------------------------------------------------
<end of output>
Test time =   0.64 sec
----------------------------------------------------------
Test Passed.
"fsm_stream_reassembler_many" end time: Oct 31 13:30 IST
"fsm_stream_reassembler_many" time elapsed: 00:00:00
----------------------------------------------------------

21/22 Testing: fsm_stream_reassembler_overlapping
21/22 Test: fsm_stream_reassembler_overlapping
Command: "/home/akshat/Downloads/CNAssignments/assignment2/build/tests/fsm_stream_reassembler_overlapping"
Directory: /home/akshat/Downloads/CNAssignments/assignment2/build/tests
"fsm_stream_reassembler_overlapping" start time: Oct 31 13:30 IST
Output:
----------------------------------------------------------
<end of output>
Test time =   0.00 sec
----------------------------------------------------------
Test Passed.
"fsm_stream_reassembler_overlapping" end time: Oct 31 13:30 IST
"fsm_stream_reassembler_overlapping" time elapsed: 00:00:00
----------------------------------------------------------

22/22 Testing: fsm_stream_reassembler_win
22/22 Test: fsm_stream_reassembler_win
Command: "/home/akshat/Downloads/CNAssignments/assignment2/build/tests/fsm_stream_reassembler_win"
Directory: /home/akshat/Downloads/CNAssignments/assignment2/build/tests
"fsm_stream_reassembler_win" start time: Oct 31 13:30 IST
Output:
----------------------------------------------------------
<end of output>
Test time =   0.60 sec
----------------------------------------------------------
Test Passed.
"fsm_stream_reassembler_win" end time: Oct 31 13:30 IST
"fsm_stream_reassembler_win" time elapsed: 00:00:00
----------------------------------------------------------

End testing: Oct 31 13:30 IST
