Start testing: Sep 11 16:15 IST
----------------------------------------------------------
5/15 Testing: byte_stream_construction
5/15 Test: byte_stream_construction
Command: "/home/akshat/Downloads/CNAssignments/assignment2/build/tests/byte_stream_construction"
Directory: /home/akshat/Downloads/CNAssignments/assignment2/build/tests
"byte_stream_construction" start time: Sep 11 16:15 IST
Output:
----------------------------------------------------------
<end of output>
Test time =   0.00 sec
----------------------------------------------------------
Test Passed.
"byte_stream_construction" end time: Sep 11 16:15 IST
"byte_stream_construction" time elapsed: 00:00:00
----------------------------------------------------------

6/15 Testing: byte_stream_one_write
6/15 Test: byte_stream_one_write
Command: "/home/akshat/Downloads/CNAssignments/assignment2/build/tests/byte_stream_one_write"
Directory: /home/akshat/Downloads/CNAssignments/assignment2/build/tests
"byte_stream_one_write" start time: Sep 11 16:15 IST
Output:
----------------------------------------------------------
<end of output>
Test time =   0.00 sec
----------------------------------------------------------
Test Passed.
"byte_stream_one_write" end time: Sep 11 16:15 IST
"byte_stream_one_write" time elapsed: 00:00:00
----------------------------------------------------------

7/15 Testing: byte_stream_two_writes
7/15 Test: byte_stream_two_writes
Command: "/home/akshat/Downloads/CNAssignments/assignment2/build/tests/byte_stream_two_writes"
Directory: /home/akshat/Downloads/CNAssignments/assignment2/build/tests
"byte_stream_two_writes" start time: Sep 11 16:15 IST
Output:
----------------------------------------------------------
<end of output>
Test time =   0.01 sec
----------------------------------------------------------
Test Passed.
"byte_stream_two_writes" end time: Sep 11 16:15 IST
"byte_stream_two_writes" time elapsed: 00:00:00
----------------------------------------------------------

8/15 Testing: byte_stream_capacity
8/15 Test: byte_stream_capacity
Command: "/home/akshat/Downloads/CNAssignments/assignment2/build/tests/byte_stream_capacity"
Directory: /home/akshat/Downloads/CNAssignments/assignment2/build/tests
"byte_stream_capacity" start time: Sep 11 16:15 IST
Output:
----------------------------------------------------------
<end of output>
Test time =   0.75 sec
----------------------------------------------------------
Test Passed.
"byte_stream_capacity" end time: Sep 11 16:15 IST
"byte_stream_capacity" time elapsed: 00:00:00
----------------------------------------------------------

9/15 Testing: byte_stream_many_writes
9/15 Test: byte_stream_many_writes
Command: "/home/akshat/Downloads/CNAssignments/assignment2/build/tests/byte_stream_many_writes"
Directory: /home/akshat/Downloads/CNAssignments/assignment2/build/tests
"byte_stream_many_writes" start time: Sep 11 16:15 IST
Output:
----------------------------------------------------------
<end of output>
Test time =   0.00 sec
----------------------------------------------------------
Test Passed.
"byte_stream_many_writes" end time: Sep 11 16:15 IST
"byte_stream_many_writes" time elapsed: 00:00:00
----------------------------------------------------------

End testing: Sep 11 16:15 IST
